This file contains any messages produced by compilers while
running configure, to aid debugging if configure makes a mistake.

It was created by jhc configure 0.8.2, which was
generated by GNU Autoconf 2.68.  Invocation command line was

  $ ./configure --prefix=/home/user/haskell/jhcM/install

## --------- ##
## Platform. ##
## --------- ##

hostname = ubuntu
uname -m = i686
uname -r = 3.13.0-32-generic
uname -s = Linux
uname -v = #57~precise1-Ubuntu SMP Tue Jul 15 03:50:54 UTC 2014

/usr/bin/uname -p = unknown
/bin/uname -X     = unknown

/bin/arch              = unknown
/usr/bin/arch -k       = unknown
/usr/convex/getsysinfo = unknown
/usr/bin/hostinfo      = unknown
/bin/machine           = unknown
/usr/bin/oslevel       = unknown
/bin/universe          = unknown

PATH: /home/user/.opam/4.02.1/bin
PATH: /home/user/haskell/jhcM/install/bin
PATH: /home/user/.cabal/bin
PATH: /usr/lib/llvm-2.9/bin
PATH: /home/user/.opam/4.02.1/bin
PATH: /home/user/shared/Jakstab
PATH: /home/user/haskell/uhc/EHC/install/101/bin
PATH: /home/user/haskell/jhc-0.8.2/install/bin
PATH: /home/user/.cabal/bin
PATH: /usr/lib/llvm-2.9/bin
PATH: /home/user/.opam/4.02.1/bin
PATH: /home/user/shared/Jakstab
PATH: /home/user/haskell/uhc/EHC/install/101/bin
PATH: /home/user/haskell/jhc-0.8.2/install/bin
PATH: /home/user/.cabal/bin
PATH: /usr/lib/llvm-2.9/bin
PATH: /usr/local/sbin
PATH: /usr/local/bin
PATH: /usr/sbin
PATH: /usr/bin
PATH: /sbin
PATH: /bin
PATH: /usr/games
PATH: /home/user/llvm-gcc/bin
PATH: /home/user/klee/Release+Asserts/bin
PATH: /home/user/llvm-gcc/bin
PATH: /home/user/klee/Release+Asserts/bin
PATH: /home/user/llvm-gcc/bin
PATH: /home/user/klee/Release+Asserts/bin


## ----------- ##
## Core tests. ##
## ----------- ##

configure:1999: checking for a BSD-compatible install
configure:2067: result: /usr/bin/install -c
configure:2078: checking whether build environment is sane
configure:2128: result: yes
configure:2269: checking for a thread-safe mkdir -p
configure:2308: result: /bin/mkdir -p
configure:2321: checking for gawk
configure:2351: result: no
configure:2321: checking for mawk
configure:2337: found /usr/bin/mawk
configure:2348: result: mawk
configure:2359: checking whether make sets $(MAKE)
configure:2381: result: yes
configure:2486: checking build system type
configure:2500: result: i686-pc-linux-gnu
configure:2520: checking host system type
configure:2533: result: i686-pc-linux-gnu
configure:2553: checking whether ln -s works
configure:2557: result: yes
configure:2612: checking for gcc
configure:2628: found /usr/bin/gcc
configure:2639: result: gcc
configure:2868: checking for C compiler version
configure:2877: gcc --version >&5
gcc (Ubuntu/Linaro 4.6.3-1ubuntu5) 4.6.3
Copyright (C) 2011 Free Software Foundation, Inc.
This is free software; see the source for copying conditions.  There is NO
warranty; not even for MERCHANTABILITY or FITNESS FOR A PARTICULAR PURPOSE.

configure:2888: $? = 0
configure:2877: gcc -v >&5
Using built-in specs.
COLLECT_GCC=gcc
COLLECT_LTO_WRAPPER=/usr/lib/gcc/i686-linux-gnu/4.6/lto-wrapper
Target: i686-linux-gnu
Configured with: ../src/configure -v --with-pkgversion='Ubuntu/Linaro 4.6.3-1ubuntu5' --with-bugurl=file:///usr/share/doc/gcc-4.6/README.Bugs --enable-languages=c,c++,fortran,objc,obj-c++ --prefix=/usr --program-suffix=-4.6 --enable-shared --enable-linker-build-id --with-system-zlib --libexecdir=/usr/lib --without-included-gettext --enable-threads=posix --with-gxx-include-dir=/usr/include/c++/4.6 --libdir=/usr/lib --enable-nls --with-sysroot=/ --enable-clocale=gnu --enable-libstdcxx-debug --enable-libstdcxx-time=yes --enable-gnu-unique-object --enable-plugin --enable-objc-gc --enable-targets=all --disable-werror --with-arch-32=i686 --with-tune=generic --enable-checking=release --build=i686-linux-gnu --host=i686-linux-gnu --target=i686-linux-gnu
Thread model: posix
gcc version 4.6.3 (Ubuntu/Linaro 4.6.3-1ubuntu5) 
configure:2888: $? = 0
configure:2877: gcc -V >&5
gcc: error: unrecognized option '-V'
gcc: fatal error: no input files
compilation terminated.
configure:2888: $? = 4
configure:2877: gcc -qversion >&5
gcc: error: unrecognized option '-qversion'
gcc: fatal error: no input files
compilation terminated.
configure:2888: $? = 4
configure:2908: checking whether the C compiler works
configure:2930: gcc    conftest.c  >&5
configure:2934: $? = 0
configure:2982: result: yes
configure:2985: checking for C compiler default output file name
configure:2987: result: a.out
configure:2993: checking for suffix of executables
configure:3000: gcc -o conftest    conftest.c  >&5
configure:3004: $? = 0
configure:3026: result: 
configure:3048: checking whether we are cross compiling
configure:3056: gcc -o conftest    conftest.c  >&5
configure:3060: $? = 0
configure:3067: ./conftest
configure:3071: $? = 0
configure:3086: result: no
configure:3091: checking for suffix of object files
configure:3113: gcc -c   conftest.c >&5
configure:3117: $? = 0
configure:3138: result: o
configure:3142: checking whether we are using the GNU C compiler
configure:3161: gcc -c   conftest.c >&5
configure:3161: $? = 0
configure:3170: result: yes
configure:3179: checking whether gcc accepts -g
configure:3199: gcc -c -g  conftest.c >&5
configure:3199: $? = 0
configure:3240: result: yes
configure:3257: checking for gcc option to accept ISO C89
configure:3321: gcc  -c -g -O2  conftest.c >&5
configure:3321: $? = 0
configure:3334: result: none needed
configure:3360: checking how to run the C preprocessor
configure:3391: gcc -E  conftest.c
configure:3391: $? = 0
configure:3405: gcc -E  conftest.c
conftest.c:11:28: fatal error: ac_nonexistent.h: No such file or directory
compilation terminated.
configure:3405: $? = 1
configure: failed program was:
| /* confdefs.h */
| #define PACKAGE_NAME "jhc"
| #define PACKAGE_TARNAME "jhc"
| #define PACKAGE_VERSION "0.8.2"
| #define PACKAGE_STRING "jhc 0.8.2"
| #define PACKAGE_BUGREPORT ""
| #define PACKAGE_URL ""
| #define PACKAGE "jhc"
| #define VERSION "0.8.2"
| /* end confdefs.h.  */
| #include <ac_nonexistent.h>
configure:3430: result: gcc -E
configure:3450: gcc -E  conftest.c
configure:3450: $? = 0
configure:3464: gcc -E  conftest.c
conftest.c:11:28: fatal error: ac_nonexistent.h: No such file or directory
compilation terminated.
configure:3464: $? = 1
configure: failed program was:
| /* confdefs.h */
| #define PACKAGE_NAME "jhc"
| #define PACKAGE_TARNAME "jhc"
| #define PACKAGE_VERSION "0.8.2"
| #define PACKAGE_STRING "jhc 0.8.2"
| #define PACKAGE_BUGREPORT ""
| #define PACKAGE_URL ""
| #define PACKAGE "jhc"
| #define VERSION "0.8.2"
| /* end confdefs.h.  */
| #include <ac_nonexistent.h>
configure:3493: checking for grep that handles long lines and -e
configure:3551: result: /bin/grep
configure:3556: checking for egrep
configure:3618: result: /bin/grep -E
configure:3623: checking for ANSI C header files
configure:3643: gcc -c -g -O2  conftest.c >&5
configure:3643: $? = 0
configure:3716: gcc -o conftest -g -O2   conftest.c  >&5
configure:3716: $? = 0
configure:3716: ./conftest
configure:3716: $? = 0
configure:3727: result: yes
configure:3740: checking for sys/types.h
configure:3740: gcc -c -g -O2  conftest.c >&5
configure:3740: $? = 0
configure:3740: result: yes
configure:3740: checking for sys/stat.h
configure:3740: gcc -c -g -O2  conftest.c >&5
configure:3740: $? = 0
configure:3740: result: yes
configure:3740: checking for stdlib.h
configure:3740: gcc -c -g -O2  conftest.c >&5
configure:3740: $? = 0
configure:3740: result: yes
configure:3740: checking for string.h
configure:3740: gcc -c -g -O2  conftest.c >&5
configure:3740: $? = 0
configure:3740: result: yes
configure:3740: checking for memory.h
configure:3740: gcc -c -g -O2  conftest.c >&5
configure:3740: $? = 0
configure:3740: result: yes
configure:3740: checking for strings.h
configure:3740: gcc -c -g -O2  conftest.c >&5
configure:3740: $? = 0
configure:3740: result: yes
configure:3740: checking for inttypes.h
configure:3740: gcc -c -g -O2  conftest.c >&5
configure:3740: $? = 0
configure:3740: result: yes
configure:3740: checking for stdint.h
configure:3740: gcc -c -g -O2  conftest.c >&5
configure:3740: $? = 0
configure:3740: result: yes
configure:3740: checking for unistd.h
configure:3740: gcc -c -g -O2  conftest.c >&5
configure:3740: $? = 0
configure:3740: result: yes
configure:3752: checking whether byte ordering is bigendian
configure:3767: gcc -c -g -O2  conftest.c >&5
conftest.c:22:9: error: unknown type name 'not'
conftest.c:22:15: error: expected '=', ',', ';', 'asm' or '__attribute__' before 'universal'
conftest.c:22:15: error: unknown type name 'universal'
configure:3767: $? = 1
configure: failed program was:
| /* confdefs.h */
| #define PACKAGE_NAME "jhc"
| #define PACKAGE_TARNAME "jhc"
| #define PACKAGE_VERSION "0.8.2"
| #define PACKAGE_STRING "jhc 0.8.2"
| #define PACKAGE_BUGREPORT ""
| #define PACKAGE_URL ""
| #define PACKAGE "jhc"
| #define VERSION "0.8.2"
| #define STDC_HEADERS 1
| #define HAVE_SYS_TYPES_H 1
| #define HAVE_SYS_STAT_H 1
| #define HAVE_STDLIB_H 1
| #define HAVE_STRING_H 1
| #define HAVE_MEMORY_H 1
| #define HAVE_STRINGS_H 1
| #define HAVE_INTTYPES_H 1
| #define HAVE_STDINT_H 1
| #define HAVE_UNISTD_H 1
| /* end confdefs.h.  */
| #ifndef __APPLE_CC__
| 	       not a universal capable compiler
| 	     #endif
| 	     typedef int dummy;
| 
configure:3812: gcc -c -g -O2  conftest.c >&5
configure:3812: $? = 0
configure:3830: gcc -c -g -O2  conftest.c >&5
conftest.c: In function 'main':
conftest.c:28:4: error: unknown type name 'not'
conftest.c:28:12: error: expected '=', ',', ';', 'asm' or '__attribute__' before 'endian'
configure:3830: $? = 1
configure: failed program was:
| /* confdefs.h */
| #define PACKAGE_NAME "jhc"
| #define PACKAGE_TARNAME "jhc"
| #define PACKAGE_VERSION "0.8.2"
| #define PACKAGE_STRING "jhc 0.8.2"
| #define PACKAGE_BUGREPORT ""
| #define PACKAGE_URL ""
| #define PACKAGE "jhc"
| #define VERSION "0.8.2"
| #define STDC_HEADERS 1
| #define HAVE_SYS_TYPES_H 1
| #define HAVE_SYS_STAT_H 1
| #define HAVE_STDLIB_H 1
| #define HAVE_STRING_H 1
| #define HAVE_MEMORY_H 1
| #define HAVE_STRINGS_H 1
| #define HAVE_INTTYPES_H 1
| #define HAVE_STDINT_H 1
| #define HAVE_UNISTD_H 1
| /* end confdefs.h.  */
| #include <sys/types.h>
| 		#include <sys/param.h>
| 
| int
| main ()
| {
| #if BYTE_ORDER != BIG_ENDIAN
| 		 not big endian
| 		#endif
| 
|   ;
|   return 0;
| }
configure:3958: result: no
configure:3995: checking for ghc
configure:4013: found /usr/local/bin/ghc
configure:4025: result: /usr/local/bin/ghc
configure:4057: checking for DrIFT
configure:4075: found /home/user/.cabal/bin/DrIFT
configure:4087: result: /home/user/.cabal/bin/DrIFT
configure:4100: checking for cpphs
configure:4118: found /usr/local/bin/cpphs
configure:4130: result: /usr/local/bin/cpphs
configure:4146: checking for mingw-gcc
configure:4176: result: no
configure:4146: checking for mingw32-gcc
configure:4176: result: no
configure:4146: checking for i386-mingw32-gcc
configure:4176: result: no
configure:4146: checking for i586-mingw32msvc-gcc
configure:4176: result: no
configure:4191: checking for module Codec.Compression.Zlib
configure:4212: /usr/local/bin/ghc -hide-all-packages -package base  -o /tmp/xo8ziW/conftest /tmp/xo8ziW/conftest.hs  >&5 2>&5

/tmp/xo8ziW/conftest.hs:1:8:
    Could not find module `Codec.Compression.Zlib'
    It is a member of the hidden package `zlib-0.6.1.0'.
    It is a member of the hidden package `zlib-0.5.4.1'.
    Use -v to see a list of the files searched for.
configure:4215: $? = 1
configure: failed program was:
import Codec.Compression.Zlib
main = seq () (putStr "Hello world.\n")

-- this file generated by TRY-COMPILE-GHC
end of failed program.
configure:4248: /usr/local/bin/ghc -hide-all-packages -package base -package zlib  -o /tmp/xo8ziW/conftest /tmp/xo8ziW/conftest.hs  >&5 2>&5
[1 of 1] Compiling Main             ( /tmp/xo8ziW/conftest.hs, /tmp/xo8ziW/conftest.o )
Linking /tmp/xo8ziW/conftest ...
configure:4251: $? = 0
configure:4254: result: in package zlib
configure:4277: checking for module Control.Monad.Reader
configure:4298: /usr/local/bin/ghc -hide-all-packages -package base -package zlib  -o /tmp/xo8ziW/conftest /tmp/xo8ziW/conftest.hs  >&5 2>&5

/tmp/xo8ziW/conftest.hs:1:8:
    Could not find module `Control.Monad.Reader'
    It is a member of the hidden package `mtl-2.1.2'.
    Use -v to see a list of the files searched for.
configure:4301: $? = 1
configure: failed program was:
import Control.Monad.Reader
main = seq () (putStr "Hello world.\n")

-- this file generated by TRY-COMPILE-GHC
end of failed program.
configure:4334: /usr/local/bin/ghc -hide-all-packages -package base -package zlib -package mtl  -o /tmp/xo8ziW/conftest /tmp/xo8ziW/conftest.hs  >&5 2>&5
[1 of 1] Compiling Main             ( /tmp/xo8ziW/conftest.hs, /tmp/xo8ziW/conftest.o )
Linking /tmp/xo8ziW/conftest ...
configure:4337: $? = 0
configure:4340: result: in package mtl
configure:4363: checking for module Data.Array
configure:4384: /usr/local/bin/ghc -hide-all-packages -package base -package zlib -package mtl  -o /tmp/xo8ziW/conftest /tmp/xo8ziW/conftest.hs  >&5 2>&5

/tmp/xo8ziW/conftest.hs:1:8:
    Could not find module `Data.Array'
    It is a member of the hidden package `array-0.4.0.1'.
    It is a member of the hidden package `haskell2010-1.1.1.0'.
    Use -v to see a list of the files searched for.
configure:4387: $? = 1
configure: failed program was:
import Data.Array
main = seq () (putStr "Hello world.\n")

-- this file generated by TRY-COMPILE-GHC
end of failed program.
configure:4420: /usr/local/bin/ghc -hide-all-packages -package base -package zlib -package mtl -package array  -o /tmp/xo8ziW/conftest /tmp/xo8ziW/conftest.hs  >&5 2>&5
[1 of 1] Compiling Main             ( /tmp/xo8ziW/conftest.hs, /tmp/xo8ziW/conftest.o )
Linking /tmp/xo8ziW/conftest ...
configure:4423: $? = 0
configure:4426: result: in package array
configure:4449: checking for module Data.Binary
configure:4470: /usr/local/bin/ghc -hide-all-packages -package base -package zlib -package mtl -package array  -o /tmp/xo8ziW/conftest /tmp/xo8ziW/conftest.hs  >&5 2>&5

/tmp/xo8ziW/conftest.hs:1:8:
    Could not find module `Data.Binary'
    It is a member of the hidden package `binary-0.7.4.0'.
    It is a member of the hidden package `binary-0.5.1.1'.
    Use -v to see a list of the files searched for.
configure:4473: $? = 1
configure: failed program was:
import Data.Binary
main = seq () (putStr "Hello world.\n")

-- this file generated by TRY-COMPILE-GHC
end of failed program.
configure:4506: /usr/local/bin/ghc -hide-all-packages -package base -package zlib -package mtl -package array -package binary  -o /tmp/xo8ziW/conftest /tmp/xo8ziW/conftest.hs  >&5 2>&5
[1 of 1] Compiling Main             ( /tmp/xo8ziW/conftest.hs, /tmp/xo8ziW/conftest.o )
Linking /tmp/xo8ziW/conftest ...
configure:4509: $? = 0
configure:4512: result: in package binary
configure:4535: checking for module Data.ByteString.UTF8
configure:4556: /usr/local/bin/ghc -hide-all-packages -package base -package zlib -package mtl -package array -package binary  -o /tmp/xo8ziW/conftest /tmp/xo8ziW/conftest.hs  >&5 2>&5

/tmp/xo8ziW/conftest.hs:1:8:
    Could not find module `Data.ByteString.UTF8'
    It is a member of the hidden package `utf8-string-1'.
    Use -v to see a list of the files searched for.
configure:4559: $? = 1
configure: failed program was:
import Data.ByteString.UTF8
main = seq () (putStr "Hello world.\n")

-- this file generated by TRY-COMPILE-GHC
end of failed program.
configure:4592: /usr/local/bin/ghc -hide-all-packages -package base -package zlib -package mtl -package array -package binary -package utf8-string  -o /tmp/xo8ziW/conftest /tmp/xo8ziW/conftest.hs  >&5 2>&5
[1 of 1] Compiling Main             ( /tmp/xo8ziW/conftest.hs, /tmp/xo8ziW/conftest.o )
Linking /tmp/xo8ziW/conftest ...
configure:4595: $? = 0
configure:4598: result: in package utf8-string
configure:4621: checking for module Data.ByteString.Unsafe
configure:4642: /usr/local/bin/ghc -hide-all-packages -package base -package zlib -package mtl -package array -package binary -package utf8-string  -o /tmp/xo8ziW/conftest /tmp/xo8ziW/conftest.hs  >&5 2>&5

/tmp/xo8ziW/conftest.hs:1:8:
    Could not find module `Data.ByteString.Unsafe'
    It is a member of the hidden package `bytestring-0.10.0.2'.
    Use -v to see a list of the files searched for.
configure:4645: $? = 1
configure: failed program was:
import Data.ByteString.Unsafe
main = seq () (putStr "Hello world.\n")

-- this file generated by TRY-COMPILE-GHC
end of failed program.
configure:4678: /usr/local/bin/ghc -hide-all-packages -package base -package zlib -package mtl -package array -package binary -package utf8-string -package bytestring  -o /tmp/xo8ziW/conftest /tmp/xo8ziW/conftest.hs  >&5 2>&5
[1 of 1] Compiling Main             ( /tmp/xo8ziW/conftest.hs, /tmp/xo8ziW/conftest.o )
Linking /tmp/xo8ziW/conftest ...
configure:4681: $? = 0
configure:4684: result: in package bytestring
configure:4707: checking for module Data.Generics.Instances
configure:4728: /usr/local/bin/ghc -hide-all-packages -package base -package zlib -package mtl -package array -package binary -package utf8-string -package bytestring  -o /tmp/xo8ziW/conftest /tmp/xo8ziW/conftest.hs  >&5 2>&5

/tmp/xo8ziW/conftest.hs:1:8:
    Could not find module `Data.Generics.Instances'
    It is a member of the hidden package `syb-0.4.4'.
    It is a member of the hidden package `syb-0.4.0'.
    Use -v to see a list of the files searched for.
configure:4731: $? = 1
configure: failed program was:
import Data.Generics.Instances
main = seq () (putStr "Hello world.\n")

-- this file generated by TRY-COMPILE-GHC
end of failed program.
configure:4764: /usr/local/bin/ghc -hide-all-packages -package base -package zlib -package mtl -package array -package binary -package utf8-string -package bytestring -package syb  -o /tmp/xo8ziW/conftest /tmp/xo8ziW/conftest.hs  >&5 2>&5
[1 of 1] Compiling Main             ( /tmp/xo8ziW/conftest.hs, /tmp/xo8ziW/conftest.o )
Linking /tmp/xo8ziW/conftest ...
configure:4767: $? = 0
configure:4770: result: in package syb
configure:4793: checking for module Data.Graph.Inductive.Graph
configure:4814: /usr/local/bin/ghc -hide-all-packages -package base -package zlib -package mtl -package array -package binary -package utf8-string -package bytestring -package syb  -o /tmp/xo8ziW/conftest /tmp/xo8ziW/conftest.hs  >&5 2>&5

/tmp/xo8ziW/conftest.hs:1:8:
    Could not find module `Data.Graph.Inductive.Graph'
    It is a member of the hidden package `fgl-5.5.1.0'.
    It is a member of the hidden package `fgl-5.4.2.4'.
    Use -v to see a list of the files searched for.
configure:4817: $? = 1
configure: failed program was:
import Data.Graph.Inductive.Graph
main = seq () (putStr "Hello world.\n")

-- this file generated by TRY-COMPILE-GHC
end of failed program.
configure:4850: /usr/local/bin/ghc -hide-all-packages -package base -package zlib -package mtl -package array -package binary -package utf8-string -package bytestring -package syb -package fgl  -o /tmp/xo8ziW/conftest /tmp/xo8ziW/conftest.hs  >&5 2>&5
[1 of 1] Compiling Main             ( /tmp/xo8ziW/conftest.hs, /tmp/xo8ziW/conftest.o )
Linking /tmp/xo8ziW/conftest ...
configure:4853: $? = 0
configure:4856: result: in package fgl
configure:4879: checking for module Data.IntSet
configure:4900: /usr/local/bin/ghc -hide-all-packages -package base -package zlib -package mtl -package array -package binary -package utf8-string -package bytestring -package syb -package fgl  -o /tmp/xo8ziW/conftest /tmp/xo8ziW/conftest.hs  >&5 2>&5

/tmp/xo8ziW/conftest.hs:1:8:
    Could not find module `Data.IntSet'
    It is a member of the hidden package `containers-0.5.0.0'.
    Use -v to see a list of the files searched for.
configure:4903: $? = 1
configure: failed program was:
import Data.IntSet
main = seq () (putStr "Hello world.\n")

-- this file generated by TRY-COMPILE-GHC
end of failed program.
configure:4936: /usr/local/bin/ghc -hide-all-packages -package base -package zlib -package mtl -package array -package binary -package utf8-string -package bytestring -package syb -package fgl -package containers  -o /tmp/xo8ziW/conftest /tmp/xo8ziW/conftest.hs  >&5 2>&5
[1 of 1] Compiling Main             ( /tmp/xo8ziW/conftest.hs, /tmp/xo8ziW/conftest.o )
Linking /tmp/xo8ziW/conftest ...
configure:4939: $? = 0
configure:4942: result: in package containers
configure:4965: checking for module Data.Yaml.Syck
configure:4986: /usr/local/bin/ghc -hide-all-packages -package base -package zlib -package mtl -package array -package binary -package utf8-string -package bytestring -package syb -package fgl -package containers  -o /tmp/xo8ziW/conftest /tmp/xo8ziW/conftest.hs  >&5 2>&5

/tmp/xo8ziW/conftest.hs:1:8:
    Could not find module `Data.Yaml.Syck'
    It is a member of the hidden package `HsSyck-0.53'.
    Use -v to see a list of the files searched for.
configure:4989: $? = 1
configure: failed program was:
import Data.Yaml.Syck
main = seq () (putStr "Hello world.\n")

-- this file generated by TRY-COMPILE-GHC
end of failed program.
configure:5022: /usr/local/bin/ghc -hide-all-packages -package base -package zlib -package mtl -package array -package binary -package utf8-string -package bytestring -package syb -package fgl -package containers -package HsSyck  -o /tmp/xo8ziW/conftest /tmp/xo8ziW/conftest.hs  >&5 2>&5
[1 of 1] Compiling Main             ( /tmp/xo8ziW/conftest.hs, /tmp/xo8ziW/conftest.o )
Linking /tmp/xo8ziW/conftest ...
configure:5025: $? = 0
configure:5028: result: in package HsSyck
configure:5051: checking for module System.Cmd
configure:5072: /usr/local/bin/ghc -hide-all-packages -package base -package zlib -package mtl -package array -package binary -package utf8-string -package bytestring -package syb -package fgl -package containers -package HsSyck  -o /tmp/xo8ziW/conftest /tmp/xo8ziW/conftest.hs  >&5 2>&5

/tmp/xo8ziW/conftest.hs:1:8:
    Could not find module `System.Cmd'
    It is a member of the hidden package `process-1.1.0.2'.
    Use -v to see a list of the files searched for.
configure:5075: $? = 1
configure: failed program was:
import System.Cmd
main = seq () (putStr "Hello world.\n")

-- this file generated by TRY-COMPILE-GHC
end of failed program.
configure:5108: /usr/local/bin/ghc -hide-all-packages -package base -package zlib -package mtl -package array -package binary -package utf8-string -package bytestring -package syb -package fgl -package containers -package HsSyck -package process  -o /tmp/xo8ziW/conftest /tmp/xo8ziW/conftest.hs  >&5 2>&5
[1 of 1] Compiling Main             ( /tmp/xo8ziW/conftest.hs, /tmp/xo8ziW/conftest.o )
Linking /tmp/xo8ziW/conftest ...
configure:5111: $? = 0
configure:5114: result: in package process
configure:5137: checking for module System.Directory
configure:5158: /usr/local/bin/ghc -hide-all-packages -package base -package zlib -package mtl -package array -package binary -package utf8-string -package bytestring -package syb -package fgl -package containers -package HsSyck -package process  -o /tmp/xo8ziW/conftest /tmp/xo8ziW/conftest.hs  >&5 2>&5

/tmp/xo8ziW/conftest.hs:1:8:
    Could not find module `System.Directory'
    It is a member of the hidden package `directory-1.2.0.1'.
    Use -v to see a list of the files searched for.
configure:5161: $? = 1
configure: failed program was:
import System.Directory
main = seq () (putStr "Hello world.\n")

-- this file generated by TRY-COMPILE-GHC
end of failed program.
configure:5194: /usr/local/bin/ghc -hide-all-packages -package base -package zlib -package mtl -package array -package binary -package utf8-string -package bytestring -package syb -package fgl -package containers -package HsSyck -package process -package directory  -o /tmp/xo8ziW/conftest /tmp/xo8ziW/conftest.hs  >&5 2>&5
[1 of 1] Compiling Main             ( /tmp/xo8ziW/conftest.hs, /tmp/xo8ziW/conftest.o )
Linking /tmp/xo8ziW/conftest ...
configure:5197: $? = 0
configure:5200: result: in package directory
configure:5223: checking for module System.FilePath
configure:5244: /usr/local/bin/ghc -hide-all-packages -package base -package zlib -package mtl -package array -package binary -package utf8-string -package bytestring -package syb -package fgl -package containers -package HsSyck -package process -package directory  -o /tmp/xo8ziW/conftest /tmp/xo8ziW/conftest.hs  >&5 2>&5

/tmp/xo8ziW/conftest.hs:1:8:
    Could not find module `System.FilePath'
    It is a member of the hidden package `filepath-1.3.0.1'.
    Use -v to see a list of the files searched for.
configure:5247: $? = 1
configure: failed program was:
import System.FilePath
main = seq () (putStr "Hello world.\n")

-- this file generated by TRY-COMPILE-GHC
end of failed program.
configure:5280: /usr/local/bin/ghc -hide-all-packages -package base -package zlib -package mtl -package array -package binary -package utf8-string -package bytestring -package syb -package fgl -package containers -package HsSyck -package process -package directory -package filepath  -o /tmp/xo8ziW/conftest /tmp/xo8ziW/conftest.hs  >&5 2>&5
[1 of 1] Compiling Main             ( /tmp/xo8ziW/conftest.hs, /tmp/xo8ziW/conftest.o )
Linking /tmp/xo8ziW/conftest ...
configure:5283: $? = 0
configure:5286: result: in package filepath
configure:5309: checking for module System.Posix
configure:5330: /usr/local/bin/ghc -hide-all-packages -package base -package zlib -package mtl -package array -package binary -package utf8-string -package bytestring -package syb -package fgl -package containers -package HsSyck -package process -package directory -package filepath  -o /tmp/xo8ziW/conftest /tmp/xo8ziW/conftest.hs  >&5 2>&5

/tmp/xo8ziW/conftest.hs:1:8:
    Could not find module `System.Posix'
    It is a member of the hidden package `unix-2.6.0.1'.
    Use -v to see a list of the files searched for.
configure:5333: $? = 1
configure: failed program was:
import System.Posix
main = seq () (putStr "Hello world.\n")

-- this file generated by TRY-COMPILE-GHC
end of failed program.
configure:5366: /usr/local/bin/ghc -hide-all-packages -package base -package zlib -package mtl -package array -package binary -package utf8-string -package bytestring -package syb -package fgl -package containers -package HsSyck -package process -package directory -package filepath -package unix  -o /tmp/xo8ziW/conftest /tmp/xo8ziW/conftest.hs  >&5 2>&5
[1 of 1] Compiling Main             ( /tmp/xo8ziW/conftest.hs, /tmp/xo8ziW/conftest.o )
Linking /tmp/xo8ziW/conftest ...
configure:5369: $? = 0
configure:5372: result: in package unix
configure:5395: checking for module System.Random
configure:5416: /usr/local/bin/ghc -hide-all-packages -package base -package zlib -package mtl -package array -package binary -package utf8-string -package bytestring -package syb -package fgl -package containers -package HsSyck -package process -package directory -package filepath -package unix  -o /tmp/xo8ziW/conftest /tmp/xo8ziW/conftest.hs  >&5 2>&5

/tmp/xo8ziW/conftest.hs:1:8:
    Could not find module `System.Random'
    It is a member of the hidden package `random-1.0.1.1'.
    Use -v to see a list of the files searched for.
configure:5419: $? = 1
configure: failed program was:
import System.Random
main = seq () (putStr "Hello world.\n")

-- this file generated by TRY-COMPILE-GHC
end of failed program.
configure:5452: /usr/local/bin/ghc -hide-all-packages -package base -package zlib -package mtl -package array -package binary -package utf8-string -package bytestring -package syb -package fgl -package containers -package HsSyck -package process -package directory -package filepath -package unix -package random  -o /tmp/xo8ziW/conftest /tmp/xo8ziW/conftest.hs  >&5 2>&5
[1 of 1] Compiling Main             ( /tmp/xo8ziW/conftest.hs, /tmp/xo8ziW/conftest.o )
Linking /tmp/xo8ziW/conftest ...
configure:5455: $? = 0
configure:5458: result: in package random
configure:5481: checking for module System.Time
configure:5502: /usr/local/bin/ghc -hide-all-packages -package base -package zlib -package mtl -package array -package binary -package utf8-string -package bytestring -package syb -package fgl -package containers -package HsSyck -package process -package directory -package filepath -package unix -package random  -o /tmp/xo8ziW/conftest /tmp/xo8ziW/conftest.hs  >&5 2>&5

/tmp/xo8ziW/conftest.hs:1:8:
    Could not find module `System.Time'
    It is a member of the hidden package `old-time-1.1.0.1'.
    Use -v to see a list of the files searched for.
configure:5505: $? = 1
configure: failed program was:
import System.Time
main = seq () (putStr "Hello world.\n")

-- this file generated by TRY-COMPILE-GHC
end of failed program.
configure:5538: /usr/local/bin/ghc -hide-all-packages -package base -package zlib -package mtl -package array -package binary -package utf8-string -package bytestring -package syb -package fgl -package containers -package HsSyck -package process -package directory -package filepath -package unix -package random -package old-time  -o /tmp/xo8ziW/conftest /tmp/xo8ziW/conftest.hs  >&5 2>&5
[1 of 1] Compiling Main             ( /tmp/xo8ziW/conftest.hs, /tmp/xo8ziW/conftest.o )
Linking /tmp/xo8ziW/conftest ...
configure:5541: $? = 0
configure:5544: result: in package old-time
configure:5567: checking for module Text.PrettyPrint.HughesPJ
configure:5588: /usr/local/bin/ghc -hide-all-packages -package base -package zlib -package mtl -package array -package binary -package utf8-string -package bytestring -package syb -package fgl -package containers -package HsSyck -package process -package directory -package filepath -package unix -package random -package old-time  -o /tmp/xo8ziW/conftest /tmp/xo8ziW/conftest.hs  >&5 2>&5

/tmp/xo8ziW/conftest.hs:1:8:
    Could not find module `Text.PrettyPrint.HughesPJ'
    It is a member of the hidden package `pretty-1.1.1.0'.
    Use -v to see a list of the files searched for.
configure:5591: $? = 1
configure: failed program was:
import Text.PrettyPrint.HughesPJ
main = seq () (putStr "Hello world.\n")

-- this file generated by TRY-COMPILE-GHC
end of failed program.
configure:5624: /usr/local/bin/ghc -hide-all-packages -package base -package zlib -package mtl -package array -package binary -package utf8-string -package bytestring -package syb -package fgl -package containers -package HsSyck -package process -package directory -package filepath -package unix -package random -package old-time -package pretty  -o /tmp/xo8ziW/conftest /tmp/xo8ziW/conftest.hs  >&5 2>&5
[1 of 1] Compiling Main             ( /tmp/xo8ziW/conftest.hs, /tmp/xo8ziW/conftest.o )
Linking /tmp/xo8ziW/conftest ...
configure:5627: $? = 0
configure:5630: result: in package pretty
configure:5653: checking for module Text.Regex
configure:5674: /usr/local/bin/ghc -hide-all-packages -package base -package zlib -package mtl -package array -package binary -package utf8-string -package bytestring -package syb -package fgl -package containers -package HsSyck -package process -package directory -package filepath -package unix -package random -package old-time -package pretty  -o /tmp/xo8ziW/conftest /tmp/xo8ziW/conftest.hs  >&5 2>&5

/tmp/xo8ziW/conftest.hs:1:8:
    Could not find module `Text.Regex'
    It is a member of the hidden package `regex-compat-0.95.1'.
    Use -v to see a list of the files searched for.
configure:5677: $? = 1
configure: failed program was:
import Text.Regex
main = seq () (putStr "Hello world.\n")

-- this file generated by TRY-COMPILE-GHC
end of failed program.
configure:5710: /usr/local/bin/ghc -hide-all-packages -package base -package zlib -package mtl -package array -package binary -package utf8-string -package bytestring -package syb -package fgl -package containers -package HsSyck -package process -package directory -package filepath -package unix -package random -package old-time -package pretty -package regex-compat  -o /tmp/xo8ziW/conftest /tmp/xo8ziW/conftest.hs  >&5 2>&5
[1 of 1] Compiling Main             ( /tmp/xo8ziW/conftest.hs, /tmp/xo8ziW/conftest.o )
Linking /tmp/xo8ziW/conftest ...
configure:5713: $? = 0
configure:5716: result: in package regex-compat
configure:5752: checking for module System.Console.Readline
configure:5773: /usr/local/bin/ghc -hide-all-packages -package base -package zlib -package mtl -package array -package binary -package utf8-string -package bytestring -package syb -package fgl -package containers -package HsSyck -package process -package directory -package filepath -package unix -package random -package old-time -package pretty -package regex-compat  -o /tmp/xo8ziW/conftest /tmp/xo8ziW/conftest.hs  >&5 2>&5

/tmp/xo8ziW/conftest.hs:1:8:
    Could not find module `System.Console.Readline'
    It is a member of the hidden package `readline-1.0.3.0'.
    Use -v to see a list of the files searched for.
configure:5776: $? = 1
configure: failed program was:
import System.Console.Readline
main = seq () (putStr "Hello world.\n")

-- this file generated by TRY-COMPILE-GHC
end of failed program.
configure:5809: /usr/local/bin/ghc -hide-all-packages -package base -package zlib -package mtl -package array -package binary -package utf8-string -package bytestring -package syb -package fgl -package containers -package HsSyck -package process -package directory -package filepath -package unix -package random -package old-time -package pretty -package regex-compat -package readline  -o /tmp/xo8ziW/conftest /tmp/xo8ziW/conftest.hs  >&5 2>&5
[1 of 1] Compiling Main             ( /tmp/xo8ziW/conftest.hs, /tmp/xo8ziW/conftest.o )
Linking /tmp/xo8ziW/conftest ...
configure:5812: $? = 0
configure:5815: result: in package readline
configure:5927: checking for module System
configure:5948: /usr/local/bin/ghc -hide-all-packages -package base -package zlib -package mtl -package array -package binary -package utf8-string -package bytestring -package syb -package fgl -package containers -package HsSyck -package process -package directory -package filepath -package unix -package random -package old-time -package pretty -package regex-compat -package readline  -o /tmp/xo8ziW/conftest /tmp/xo8ziW/conftest.hs  >&5 2>&5

/tmp/xo8ziW/conftest.hs:1:8:
    Could not find module `System'
    It is a member of the hidden package `haskell98-2.0.0.2'.
    Use -v to see a list of the files searched for.
configure:5951: $? = 1
configure: failed program was:
import System
main = seq () (putStr "Hello world.\n")

-- this file generated by TRY-COMPILE-GHC
end of failed program.
configure:5984: /usr/local/bin/ghc -hide-all-packages -package base -package zlib -package mtl -package array -package binary -package utf8-string -package bytestring -package syb -package fgl -package containers -package HsSyck -package process -package directory -package filepath -package unix -package random -package old-time -package pretty -package regex-compat -package readline -package base  -o /tmp/xo8ziW/conftest /tmp/xo8ziW/conftest.hs  >&5 2>&5

/tmp/xo8ziW/conftest.hs:1:8:
    Could not find module `System'
    It is a member of the hidden package `haskell98-2.0.0.2'.
    Use -v to see a list of the files searched for.
configure:5987: $? = 1
configure: failed program was:
import System
main = seq () (putStr "Hello world.\n")

-- this file generated by TRY-COMPILE-GHC
end of failed program.
configure:6000: result: no; and neither in package base
configure:6023: checking for hsc2hs
configure:6041: found /usr/local/bin/hsc2hs
configure:6053: result: /usr/local/bin/hsc2hs
configure:6079: checking for instance Monoid Doc
configure:6104: /usr/local/bin/ghc -hide-all-packages -package base -package zlib -package mtl -package array -package binary -package utf8-string -package bytestring -package syb -package fgl -package containers -package HsSyck -package process -package directory -package filepath -package unix -package random -package old-time -package pretty -package regex-compat -package readline  -o /tmp/xo8ziW/conftest /tmp/xo8ziW/conftest.hs  >&5 2>&5
[1 of 1] Compiling Main             ( /tmp/xo8ziW/conftest.hs, /tmp/xo8ziW/conftest.o )

/tmp/xo8ziW/conftest.hs:6:10:
    Duplicate instance declarations:
      instance Monoid Doc -- Defined at /tmp/xo8ziW/conftest.hs:6:10
      instance [safe] Monoid Doc
        -- Defined in `Text.PrettyPrint.HughesPJ'
configure:6107: $? = 1
configure: failed program was:

import Text.PrettyPrint.HughesPJ

import Data.Monoid

instance Monoid Doc
main = putStrLn "hello"

-- this file generated by TRY-COMPILE-GHC
end of failed program.
configure:6119: result: yes
configure:6125: checking for instance Show (Identity a)
configure:6148: /usr/local/bin/ghc -hide-all-packages -package base -package zlib -package mtl -package array -package binary -package utf8-string -package bytestring -package syb -package fgl -package containers -package HsSyck -package process -package directory -package filepath -package unix -package random -package old-time -package pretty -package regex-compat -package readline  -o /tmp/xo8ziW/conftest /tmp/xo8ziW/conftest.hs  >&5 2>&5
[1 of 1] Compiling Main             ( /tmp/xo8ziW/conftest.hs, /tmp/xo8ziW/conftest.o )
Linking /tmp/xo8ziW/conftest ...
configure:6151: $? = 0
configure:6155: result: no
configure:6169: checking for instance Traversable Data.IntMap.IntMap
configure:6194: /usr/local/bin/ghc -hide-all-packages -package base -package zlib -package mtl -package array -package binary -package utf8-string -package bytestring -package syb -package fgl -package containers -package HsSyck -package process -package directory -package filepath -package unix -package random -package old-time -package pretty -package regex-compat -package readline  -o /tmp/xo8ziW/conftest /tmp/xo8ziW/conftest.hs  >&5 2>&5
[1 of 1] Compiling Main             ( /tmp/xo8ziW/conftest.hs, /tmp/xo8ziW/conftest.o )

/tmp/xo8ziW/conftest.hs:6:10:
    Duplicate instance declarations:
      instance Traversable IntMap
        -- Defined at /tmp/xo8ziW/conftest.hs:6:10
      instance Traversable IntMap
        -- Defined in `containers-0.5.0.0:Data.IntMap.Base'
configure:6197: $? = 1
configure: failed program was:

import Data.Traversable

import Data.IntMap

instance Traversable Data.IntMap.IntMap
main = putStrLn "hello"

-- this file generated by TRY-COMPILE-GHC
end of failed program.
configure:6209: result: yes
configure:6215: checking for instance Functor ((,) a)
configure:6238: /usr/local/bin/ghc -hide-all-packages -package base -package zlib -package mtl -package array -package binary -package utf8-string -package bytestring -package syb -package fgl -package containers -package HsSyck -package process -package directory -package filepath -package unix -package random -package old-time -package pretty -package regex-compat -package readline  -o /tmp/xo8ziW/conftest /tmp/xo8ziW/conftest.hs  >&5 2>&5
[1 of 1] Compiling Main             ( /tmp/xo8ziW/conftest.hs, /tmp/xo8ziW/conftest.o )

/tmp/xo8ziW/conftest.hs:4:10:
    Duplicate instance declarations:
      instance Functor ((,) a) -- Defined at /tmp/xo8ziW/conftest.hs:4:10
      instance Functor ((,) a) -- Defined in `GHC.Base'
configure:6241: $? = 1
configure: failed program was:

import Control.Monad.Instances

instance Functor ((,) a)
main = putStrLn "hello"

-- this file generated by TRY-COMPILE-GHC
end of failed program.
configure:6253: result: yes
configure:6259: checking for instance Foldable ((,) a)
configure:6282: /usr/local/bin/ghc -hide-all-packages -package base -package zlib -package mtl -package array -package binary -package utf8-string -package bytestring -package syb -package fgl -package containers -package HsSyck -package process -package directory -package filepath -package unix -package random -package old-time -package pretty -package regex-compat -package readline  -o /tmp/xo8ziW/conftest /tmp/xo8ziW/conftest.hs  >&5 2>&5
[1 of 1] Compiling Main             ( /tmp/xo8ziW/conftest.hs, /tmp/xo8ziW/conftest.o )
Linking /tmp/xo8ziW/conftest ...
configure:6285: $? = 0
configure:6289: result: no
configure:6303: checking for instance Functor ((,,) a b)
configure:6326: /usr/local/bin/ghc -hide-all-packages -package base -package zlib -package mtl -package array -package binary -package utf8-string -package bytestring -package syb -package fgl -package containers -package HsSyck -package process -package directory -package filepath -package unix -package random -package old-time -package pretty -package regex-compat -package readline  -o /tmp/xo8ziW/conftest /tmp/xo8ziW/conftest.hs  >&5 2>&5
[1 of 1] Compiling Main             ( /tmp/xo8ziW/conftest.hs, /tmp/xo8ziW/conftest.o )

/tmp/xo8ziW/conftest.hs:4:10: Warning:
    No explicit method or default declaration for `fmap'
    In the instance declaration for `Functor ((,,) a b)'
Linking /tmp/xo8ziW/conftest ...
configure:6329: $? = 0
configure:6333: result: no
configure:6347: checking for instance Foldable ((,,) a b)
configure:6370: /usr/local/bin/ghc -hide-all-packages -package base -package zlib -package mtl -package array -package binary -package utf8-string -package bytestring -package syb -package fgl -package containers -package HsSyck -package process -package directory -package filepath -package unix -package random -package old-time -package pretty -package regex-compat -package readline  -o /tmp/xo8ziW/conftest /tmp/xo8ziW/conftest.hs  >&5 2>&5
[1 of 1] Compiling Main             ( /tmp/xo8ziW/conftest.hs, /tmp/xo8ziW/conftest.o )
Linking /tmp/xo8ziW/conftest ...
configure:6373: $? = 0
configure:6377: result: no
configure:6642: creating ./config.status

## ---------------------- ##
## Running config.status. ##
## ---------------------- ##

This file was extended by jhc config.status 0.8.2, which was
generated by GNU Autoconf 2.68.  Invocation command line was

  CONFIG_FILES    = 
  CONFIG_HEADERS  = 
  CONFIG_LINKS    = 
  CONFIG_COMMANDS = 
  $ ./config.status 

on ubuntu

config.status:811: creating Makefile
config.status:811: creating jhc.spec
config.status:811: creating src/hs_src_config.h
config.status:811: creating src/Version/Config.hs
config.status:811: creating docs/building.mkd
config.status:811: creating src/cbits/config.h
config.status:811: creating src/data/targets.ini

## ---------------- ##
## Cache variables. ##
## ---------------- ##

ac_cv_build=i686-pc-linux-gnu
ac_cv_c_bigendian=no
ac_cv_c_compiler_gnu=yes
ac_cv_env_CC_set=
ac_cv_env_CC_value=
ac_cv_env_CFLAGS_set=
ac_cv_env_CFLAGS_value=
ac_cv_env_CPPFLAGS_set=
ac_cv_env_CPPFLAGS_value=
ac_cv_env_CPP_set=
ac_cv_env_CPP_value=
ac_cv_env_LDFLAGS_set=
ac_cv_env_LDFLAGS_value=
ac_cv_env_LIBS_set=
ac_cv_env_LIBS_value=
ac_cv_env_build_alias_set=
ac_cv_env_build_alias_value=
ac_cv_env_host_alias_set=
ac_cv_env_host_alias_value=
ac_cv_env_target_alias_set=
ac_cv_env_target_alias_value=
ac_cv_header_inttypes_h=yes
ac_cv_header_memory_h=yes
ac_cv_header_stdc=yes
ac_cv_header_stdint_h=yes
ac_cv_header_stdlib_h=yes
ac_cv_header_string_h=yes
ac_cv_header_strings_h=yes
ac_cv_header_sys_stat_h=yes
ac_cv_header_sys_types_h=yes
ac_cv_header_unistd_h=yes
ac_cv_host=i686-pc-linux-gnu
ac_cv_objext=o
ac_cv_path_CPPHS=/usr/local/bin/cpphs
ac_cv_path_DRIFTGHC=/home/user/.cabal/bin/DrIFT
ac_cv_path_EGREP='/bin/grep -E'
ac_cv_path_GREP=/bin/grep
ac_cv_path_HC=/usr/local/bin/ghc
ac_cv_path_HSC2HS=/usr/local/bin/hsc2hs
ac_cv_path_install='/usr/bin/install -c'
ac_cv_path_mkdir=/bin/mkdir
ac_cv_prog_AWK=mawk
ac_cv_prog_CPP='gcc -E'
ac_cv_prog_ac_ct_CC=gcc
ac_cv_prog_cc_c89=
ac_cv_prog_cc_g=yes
ac_cv_prog_make_make_set=yes

## ----------------- ##
## Output variables. ##
## ----------------- ##

ACLOCAL='${SHELL} /home/user/haskell/jhcM/ac-macros/missing --run aclocal-1.11'
AMTAR='$${TAR-tar}'
AUTOCONF='${SHELL} /home/user/haskell/jhcM/ac-macros/missing --run autoconf'
AUTOHEADER='${SHELL} /home/user/haskell/jhcM/ac-macros/missing --run autoheader'
AUTOMAKE='${SHELL} /home/user/haskell/jhcM/ac-macros/missing --run automake-1.11'
AWK='mawk'
BYTE_ORDER='LITTLE_ENDIAN'
CC='gcc'
CFLAGS='-g -O2'
CPP='gcc -E'
CPPFLAGS=''
CPPHS='/usr/local/bin/cpphs'
CYGPATH_W='echo'
DATADIR='/home/user/haskell/jhcM/install/share'
DEFS='-DPACKAGE_NAME=\"jhc\" -DPACKAGE_TARNAME=\"jhc\" -DPACKAGE_VERSION=\"0.8.2\" -DPACKAGE_STRING=\"jhc\ 0.8.2\" -DPACKAGE_BUGREPORT=\"\" -DPACKAGE_URL=\"\" -DPACKAGE=\"jhc\" -DVERSION=\"0.8.2\" -DSTDC_HEADERS=1 -DHAVE_SYS_TYPES_H=1 -DHAVE_SYS_STAT_H=1 -DHAVE_STDLIB_H=1 -DHAVE_STRING_H=1 -DHAVE_MEMORY_H=1 -DHAVE_STRINGS_H=1 -DHAVE_INTTYPES_H=1 -DHAVE_STDINT_H=1 -DHAVE_UNISTD_H=1 -DLIBDIR=\"/home/user/haskell/jhcM/install/lib\" -DDATADIR=\"/home/user/haskell/jhcM/install/share\" -DJLIBPATH=\"/home/user/haskell/jhcM/install/share/jhc-0.8\" -DJETCPATH=\"/home/user/haskell/jhcM/install/etc/jhc-0.8\"'
DRIFTGHC='/home/user/.cabal/bin/DrIFT'
ECHO_C=''
ECHO_N='-n'
ECHO_T=''
EGREP='/bin/grep -E'
EXEEXT=''
EXTRA_PACKAGES=''
GHCFLAGS='-hide-all-packages -package base -package zlib -package mtl -package array -package binary -package utf8-string -package bytestring -package syb -package fgl -package containers -package HsSyck -package process -package directory -package filepath -package unix -package random -package old-time -package pretty -package regex-compat -package readline'
GHCINC=' -i./compat/haskell98'
GREP='/bin/grep'
HAS_FOLDABLE_TUPLE3='0'
HAS_FOLDABLE_TUPLE='0'
HAS_FUNCTOR_TUPLE3='0'
HAS_FUNCTOR_TUPLE='1'
HAS_MONOID_DOC='1'
HAS_SHOW_IDENTITY='0'
HAS_TRAVERSABLE_INTMAP='1'
HC='/usr/local/bin/ghc'
HCFLAGS=''
HO_VERSION='14'
HSC2HS='/usr/local/bin/hsc2hs'
INSTALL_DATA='${INSTALL} -m 644'
INSTALL_PROGRAM='${INSTALL}'
INSTALL_SCRIPT='${INSTALL}'
INSTALL_STRIP_PROGRAM='$(install_sh) -c -s'
JETCPATH='/home/user/haskell/jhcM/install/etc/jhc-0.8'
JLIBPATH='/home/user/haskell/jhcM/install/share/jhc-0.8'
LDFLAGS=''
LIBDIR='/home/user/haskell/jhcM/install/lib'
LIBOBJS=''
LIBS=''
LN_S='ln -s'
LTLIBOBJS=''
MAKEINFO='${SHELL} /home/user/haskell/jhcM/ac-macros/missing --run makeinfo'
MINGW='i386-mingw32-gcc'
MKDIR_P='/bin/mkdir -p'
OBJEXT='o'
PACKAGE='jhc'
PACKAGE_BUGREPORT=''
PACKAGE_NAME='jhc'
PACKAGE_STRING='jhc 0.8.2'
PACKAGE_TARNAME='jhc'
PACKAGE_URL=''
PACKAGE_VERSION='0.8.2'
PATH_SEPARATOR=':'
RPMRELEASE='1'
SET_MAKE=''
SHELL='/bin/bash'
SHORTVERSION='0.8'
STRIP=''
USE_EDITLINE='0'
USE_READLINE='1'
VERSION='0.8.2'
VERSION_MAJOR='0'
VERSION_MINOR='8'
VERSION_PATCH='2'
ac_ct_CC='gcc'
am__EXEEXT_FALSE=''
am__EXEEXT_TRUE='#'
am__isrc=''
am__leading_dot='.'
am__tar='$${TAR-tar} chof - "$$tardir"'
am__untar='$${TAR-tar} xf -'
bindir='${exec_prefix}/bin'
build='i686-pc-linux-gnu'
build_alias=''
build_cpu='i686'
build_os='linux-gnu'
build_vendor='pc'
datadir='${datarootdir}'
datarootdir='${prefix}/share'
docdir='${datarootdir}/doc/${PACKAGE_TARNAME}'
dvidir='${docdir}'
exec_prefix='${prefix}'
host='i686-pc-linux-gnu'
host_alias=''
host_cpu='i686'
host_os='linux-gnu'
host_vendor='pc'
htmldir='${docdir}'
includedir='${prefix}/include'
infodir='${datarootdir}/info'
install_sh='${SHELL} /home/user/haskell/jhcM/ac-macros/install-sh'
libdir='${exec_prefix}/lib'
libexecdir='${exec_prefix}/libexec'
localedir='${datarootdir}/locale'
localstatedir='${prefix}/var'
mandir='${datarootdir}/man'
mkdir_p='/bin/mkdir -p'
oldincludedir='/usr/include'
pdfdir='${docdir}'
prefix='/home/user/haskell/jhcM/install'
program_transform_name='s,x,x,'
psdir='${docdir}'
sbindir='${exec_prefix}/sbin'
sharedstatedir='${prefix}/com'
sysconfdir='${prefix}/etc'
target_alias=''

## ----------- ##
## confdefs.h. ##
## ----------- ##

/* confdefs.h */
#define PACKAGE_NAME "jhc"
#define PACKAGE_TARNAME "jhc"
#define PACKAGE_VERSION "0.8.2"
#define PACKAGE_STRING "jhc 0.8.2"
#define PACKAGE_BUGREPORT ""
#define PACKAGE_URL ""
#define PACKAGE "jhc"
#define VERSION "0.8.2"
#define STDC_HEADERS 1
#define HAVE_SYS_TYPES_H 1
#define HAVE_SYS_STAT_H 1
#define HAVE_STDLIB_H 1
#define HAVE_STRING_H 1
#define HAVE_MEMORY_H 1
#define HAVE_STRINGS_H 1
#define HAVE_INTTYPES_H 1
#define HAVE_STDINT_H 1
#define HAVE_UNISTD_H 1
#define LIBDIR "/home/user/haskell/jhcM/install/lib"
#define DATADIR "/home/user/haskell/jhcM/install/share"
#define JLIBPATH "/home/user/haskell/jhcM/install/share/jhc-0.8"
#define JETCPATH "/home/user/haskell/jhcM/install/etc/jhc-0.8"

configure: exit 0
